[HOOK] __memtrace_alloc_site in /home/students/cs/2021/alaos002/pintools/memtrace/ds_demo
[HOOK] __memtrace_free_site in /home/students/cs/2021/alaos002/pintools/memtrace/ds_demo
[ALLOC] p=0x4c26b0 size=16 tag=Node @ds_demo.c:25 (make_node)
[ALLOC] p=0x4c26d0 size=16 tag=Node @ds_demo.c:25 (make_node)
[ALLOC] p=0x4c26f0 size=16 tag=Node @ds_demo.c:25 (make_node)
[ALLOC] p=0x4c2710 size=16 tag=Node @ds_demo.c:25 (make_node)
[ALLOC] p=0x4c2730 size=16 tag=Node @ds_demo.c:25 (make_node)
[ALLOC] p=0x4c2750 size=16 tag=Node @ds_demo.c:25 (make_node)
[ALLOC] p=0x4c2770 size=16 tag=Node @ds_demo.c:25 (make_node)
[ALLOC] p=0x4c2790 size=16 tag=Node @ds_demo.c:25 (make_node)
[ALLOC] p=0x4c27b0 size=16 tag=Node @ds_demo.c:25 (make_node)
[ALLOC] p=0x4c27d0 size=16 tag=Node @ds_demo.c:25 (make_node)
[ALLOC] p=0x4c27f0 size=24 tag=DynArr @ds_demo.c:58 (dynarr_create)
[ALLOC] p=0x4c2810 size=16 tag=int[] @ds_demo.c:61 (dynarr_create)
[ALLOC] p=0x4c2830 size=32 tag=int[] @ds_demo.c:68 (dynarr_push)
[FREE ] p=0x4c2810 tag=int[] @ds_demo.c:70 (dynarr_push)
[ALLOC] p=0x4c2860 size=64 tag=int[] @ds_demo.c:68 (dynarr_push)
[FREE ] p=0x4c2830 tag=int[] @ds_demo.c:70 (dynarr_push)
[ALLOC] p=0x4c28b0 size=128 tag=int[] @ds_demo.c:68 (dynarr_push)
[FREE ] p=0x4c2860 tag=int[] @ds_demo.c:70 (dynarr_push)
[FREE ] p=0x4c27d0 tag=Node @ds_demo.c:35 (free_list)
[FREE ] p=0x4c27b0 tag=Node @ds_demo.c:35 (free_list)
[FREE ] p=0x4c2790 tag=Node @ds_demo.c:35 (free_list)
[FREE ] p=0x4c2770 tag=Node @ds_demo.c:35 (free_list)
[FREE ] p=0x4c2750 tag=Node @ds_demo.c:35 (free_list)
[FREE ] p=0x4c2730 tag=Node @ds_demo.c:35 (free_list)
[FREE ] p=0x4c2710 tag=Node @ds_demo.c:35 (free_list)
[FREE ] p=0x4c26f0 tag=Node @ds_demo.c:35 (free_list)
[FREE ] p=0x4c26d0 tag=Node @ds_demo.c:35 (free_list)
[FREE ] p=0x4c26b0 tag=Node @ds_demo.c:35 (free_list)
[FREE ] p=0x4c28b0 tag=int[] @ds_demo.c:79 (dynarr_free)
[FREE ] p=0x4c27f0 tag=DynArr @ds_demo.c:80 (dynarr_free)
